[2026-03-10 14:30:50] local.ERROR: Command "install" is not defined.

Did you mean one of these?
    breeze:install
    migrate:install
    sail:install {"exception":"[object] (Symfony\\Component\\Console\\Exception\\CommandNotFoundException(code: 0): Command \"install\" is not defined.

Did you mean one of these?
    breeze:install
    migrate:install
    sail:install at C:\\Users\\hp\\Desktop\\Personal Drive\\Projects\\.idea\\vendor\\symfony\\console\\Application.php:694)
[stacktrace]
#0 C:\\Users\\hp\\Desktop\\Personal Drive\\Projects\\.idea\\vendor\\symfony\\console\\Application.php(259): Symfony\\Component\\Console\\Application->find('install')
#1 C:\\Users\\hp\\Desktop\\Personal Drive\\Projects\\.idea\\vendor\\symfony\\console\\Application.php(171): Symfony\\Component\\Console\\Application->doRun(Object(Symfony\\Component\\Console\\Input\\ArgvInput), Object(Symfony\\Component\\Console\\Output\\ConsoleOutput))
#2 C:\\Users\\hp\\Desktop\\Personal Drive\\Projects\\.idea\\vendor\\laravel\\framework\\src\\Illuminate\\Console\\Application.php(102): Symfony\\Component\\Console\\Application->run(Object(Symfony\\Component\\Console\\Input\\ArgvInput), Object(Symfony\\Component\\Console\\Output\\ConsoleOutput))
#3 C:\\Users\\hp\\Desktop\\Personal Drive\\Projects\\.idea\\vendor\\laravel\\framework\\src\\Illuminate\\Foundation\\Console\\Kernel.php(155): Illuminate\\Console\\Application->run(Object(Symfony\\Component\\Console\\Input\\ArgvInput), Object(Symfony\\Component\\Console\\Output\\ConsoleOutput))
#4 C:\\Users\\hp\\Desktop\\Personal Drive\\Projects\\.idea\\artisan(35): Illuminate\\Foundation\\Console\\Kernel->handle(Object(Symfony\\Component\\Console\\Input\\ArgvInput), Object(Symfony\\Component\\Console\\Output\\ConsoleOutput))
#5 {main}
"} 
[2026-03-10 14:31:33] local.ERROR: SQLSTATE[HY000] [1045] Access denied for user 'farhadbhuiyan_accounts'@'localhost' (using password: YES) (SQL: select * from `settings` where `created_by` = 1) {"exception":"[object] (Illuminate\\Database\\QueryException(code: 1045): SQLSTATE[HY000] [1045] Access denied for user 'farhadbhuiyan_accounts'@'localhost' (using password: YES) (SQL: select * from `settings` where `created_by` = 1) at C:\\Users\\hp\\Desktop\\Personal Drive\\Projects\\.idea\\vendor\\laravel\\framework\\src\\Illuminate\\Database\\Connection.php:760)
[stacktrace]
#0 C:\\Users\\hp\\Desktop\\Personal Drive\\Projects\\.idea\\vendor\\laravel\\framework\\src\\Illuminate\\Database\\Connection.php(720): Illuminate\\Database\\Connection->runQueryCallback('select * from `...', Array, Object(Closure))
#1 C:\\Users\\hp\\Desktop\\Personal Drive\\Projects\\.idea\\vendor\\laravel\\framework\\src\\Illuminate\\Database\\Connection.php(405): Illuminate\\Database\\Connection->run('select * from `...', Array, Object(Closure))
#2 C:\\Users\\hp\\Desktop\\Personal Drive\\Projects\\.idea\\vendor\\laravel\\framework\\src\\Illuminate\\Database\\Query\\Builder.php(2649): Illuminate\\Database\\Connection->select('select * from `...', Array, true)
#3 C:\\Users\\hp\\Desktop\\Personal Drive\\Projects\\.idea\\vendor\\laravel\\framework\\src\\Illuminate\\Database\\Query\\Builder.php(2638): Illuminate\\Database\\Query\\Builder->runSelect()
#4 C:\\Users\\hp\\Desktop\\Personal Drive\\Projects\\.idea\\vendor\\laravel\\framework\\src\\Illuminate\\Database\\Query\\Builder.php(3174): Illuminate\\Database\\Query\\Builder->Illuminate\\Database\\Query\\{closure}()
#5 C:\\Users\\hp\\Desktop\\Personal Drive\\Projects\\.idea\\vendor\\laravel\\framework\\src\\Illuminate\\Database\\Query\\Builder.php(2637): Illuminate\\Database\\Query\\Builder->onceWithColumns(Array, Object(Closure))
#6 C:\\Users\\hp\\Desktop\\Personal Drive\\Projects\\.idea\\app\\Models\\Utility.php(27): Illuminate\\Database\\Query\\Builder->get()
#7 C:\\Users\\hp\\Desktop\\Personal Drive\\Projects\\.idea\\app\\Http\\Controllers\\DashboardController.php(134): App\\Models\\Utility::settings()
#8 C:\\Users\\hp\\Desktop\\Personal Drive\\Projects\\.idea\\vendor\\laravel\\framework\\src\\Illuminate\\Routing\\Controller.php(54): App\\Http\\Controllers\\DashboardController->index()
#9 C:\\Users\\hp\\Desktop\\Personal Drive\\Projects\\.idea\\vendor\\laravel\\framework\\src\\Illuminate\\Routing\\ControllerDispatcher.php(43): Illuminate\\Routing\\Controller->callAction('index', Array)
#10 C:\\Users\\hp\\Desktop\\Personal Drive\\Projects\\.idea\\vendor\\laravel\\framework\\src\\Illuminate\\Routing\\Route.php(259): Illuminate\\Routing\\ControllerDispatcher->dispatch(Object(Illuminate\\Routing\\Route), Object(App\\Http\\Controllers\\DashboardController), 'index')
#11 C:\\Users\\hp\\Desktop\\Personal Drive\\Projects\\.idea\\vendor\\laravel\\framework\\src\\Illuminate\\Routing\\Route.php(205): Illuminate\\Routing\\Route->runController()
#12 C:\\Users\\hp\\Desktop\\Personal Drive\\Projects\\.idea\\vendor\\laravel\\framework\\src\\Illuminate\\Routing\\Router.php(727): Illuminate\\Routing\\Route->run()
#13 C:\\Users\\hp\\Desktop\\Personal Drive\\Projects\\.idea\\vendor\\laravel\\framework\\src\\Illuminate\\Pipeline\\Pipeline.php(141): Illuminate\\Routing\\Router->Illuminate\\Routing\\{closure}(Object(Illuminate\\Http\\Request))
#14 C:\\Users\\hp\\Desktop\\Personal Drive\\Projects\\.idea\\app\\Http\\Middleware\\RevalidateBackHistory.php(18): Illuminate\\Pipeline\\Pipeline->Illuminate\\Pipeline\\{closure}(Object(Illuminate\\Http\\Request))
#15 C:\\Users\\hp\\Desktop\\Personal Drive\\Projects\\.idea\\vendor\\laravel\\framework\\src\\Illuminate\\Pipeline\\Pipeline.php(180): App\\Http\\Middleware\\RevalidateBackHistory->handle(Object(Illuminate\\Http\\Request), Object(Closure))
#16 C:\\Users\\hp\\Desktop\\Personal Drive\\Projects\\.idea\\app\\Http\\Middleware\\XSS.php(50): Illuminate\\Pipeline\\Pipeline->Illuminate\\Pipeline\\{closure}(Object(Illuminate\\Http\\Request))
#17 C:\\Users\\hp\\Desktop\\Personal Drive\\Projects\\.idea\\vendor\\laravel\\framework\\src\\Illuminate\\Pipeline\\Pipeline.php(180): App\\Http\\Middleware\\XSS->handle(Object(Illuminate\\Http\\Request), Object(Closure))
#18 C:\\Users\\hp\\Desktop\\Personal Drive\\Projects\\.idea\\vendor\\laravel\\framework\\src\\Illuminate\\Routing\\Middleware\\SubstituteBindings.php(50): Illuminate\\Pipeline\\Pipeline->Illuminate\\Pipeline\\{closure}(Object(Illuminate\\Http\\Request))
#19 C:\\Users\\hp\\Desktop\\Personal Drive\\Projects\\.idea\\vendor\\laravel\\framework\\src\\Illuminate\\Pipeline\\Pipeline.php(180): Illuminate\\Routing\\Middleware\\SubstituteBindings->handle(Object(Illuminate\\Http\\Request), Object(Closure))
#20 C:\\Users\\hp\\Desktop\\Personal Drive\\Projects\\.idea\\vendor\\laravel\\framework\\src\\Illuminate\\Foundation\\Http\\Middleware\\VerifyCsrfToken.php(78): Illuminate\\Pipeline\\Pipeline->Illuminate\\Pipeline\\{closure}(Object(Illuminate\\Http\\Request))
#21 C:\\Users\\hp\\Desktop\\Personal Drive\\Projects\\.idea\\vendor\\laravel\\framework\\src\\Illuminate\\Pipeline\\Pipeline.php(180): Illuminate\\Foundation\\Http\\Middleware\\VerifyCsrfToken->handle(Object(Illuminate\\Http\\Request), Object(Closure))
#22 C:\\Users\\hp\\Desktop\\Personal Drive\\Projects\\.idea\\vendor\\laravel\\framework\\src\\Illuminate\\View\\Middleware\\ShareErrorsFromSession.php(49): Illuminate\\Pipeline\\Pipeline->Illuminate\\Pipeline\\{closure}(Object(Illuminate\\Http\\Request))
#23 C:\\Users\\hp\\Desktop\\Personal Drive\\Projects\\.idea\\vendor\\laravel\\framework\\src\\Illuminate\\Pipeline\\Pipeline.php(180): Illuminate\\View\\Middleware\\ShareErrorsFromSession->handle(Object(Illuminate\\Http\\Request), Object(Closure))
#24 C:\\Users\\hp\\Desktop\\Personal Drive\\Projects\\.idea\\vendor\\laravel\\framework\\src\\Illuminate\\Session\\Middleware\\StartSession.php(121): Illuminate\\Pipeline\\Pipeline->Illuminate\\Pipeline\\{closure}(Object(Illuminate\\Http\\Request))
#25 C:\\Users\\hp\\Desktop\\Personal Drive\\Projects\\.idea\\vendor\\laravel\\framework\\src\\Illuminate\\Session\\Middleware\\StartSession.php(64): Illuminate\\Session\\Middleware\\StartSession->handleStatefulRequest(Object(Illuminate\\Http\\Request), Object(Illuminate\\Session\\Store), Object(Closure))
#26 C:\\Users\\hp\\Desktop\\Personal Drive\\Projects\\.idea\\vendor\\laravel\\framework\\src\\Illuminate\\Pipeline\\Pipeline.php(180): Illuminate\\Session\\Middleware\\StartSession->handle(Object(Illuminate\\Http\\Request), Object(Closure))
#27 C:\\Users\\hp\\Desktop\\Personal Drive\\Projects\\.idea\\vendor\\laravel\\framework\\src\\Illuminate\\Cookie\\Middleware\\AddQueuedCookiesToResponse.php(37): Illuminate\\Pipeline\\Pipeline->Illuminate\\Pipeline\\{closure}(Object(Illuminate\\Http\\Request))
#28 C:\\Users\\hp\\Desktop\\Personal Drive\\Projects\\.idea\\vendor\\laravel\\framework\\src\\Illuminate\\Pipeline\\Pipeline.php(180): Illuminate\\Cookie\\Middleware\\AddQueuedCookiesToResponse->handle(Object(Illuminate\\Http\\Request), Object(Closure))
#29 C:\\Users\\hp\\Desktop\\Personal Drive\\Projects\\.idea\\vendor\\laravel\\framework\\src\\Illuminate\\Cookie\\Middleware\\EncryptCookies.php(67): Illuminate\\Pipeline\\Pipeline->Illuminate\\Pipeline\\{closure}(Object(Illuminate\\Http\\Request))
#30 C:\\Users\\hp\\Desktop\\Personal Drive\\Projects\\.idea\\vendor\\laravel\\framework\\src\\Illuminate\\Pipeline\\Pipeline.php(180): Illuminate\\Cookie\\Middleware\\EncryptCookies->handle(Object(Illuminate\\Http\\Request), Object(Closure))
#31 C:\\Users\\hp\\Desktop\\Personal Drive\\Projects\\.idea\\vendor\\laravel\\framework\\src\\Illuminate\\Pipeline\\Pipeline.php(116): Illuminate\\Pipeline\\Pipeline->Illuminate\\Pipeline\\{closure}(Object(Illuminate\\Http\\Request))
#32 C:\\Users\\hp\\Desktop\\Personal Drive\\Projects\\.idea\\vendor\\laravel\\framework\\src\\Illuminate\\Routing\\Router.php(726): Illuminate\\Pipeline\\Pipeline->then(Object(Closure))
#33 C:\\Users\\hp\\Desktop\\Personal Drive\\Projects\\.idea\\vendor\\laravel\\framework\\src\\Illuminate\\Routing\\Router.php(705): Illuminate\\Routing\\Router->runRouteWithinStack(Object(Illuminate\\Routing\\Route), Object(Illuminate\\Http\\Request))
#34 C:\\Users\\hp\\Desktop\\Personal Drive\\Projects\\.idea\\vendor\\laravel\\framework\\src\\Illuminate\\Routing\\Router.php(669): Illuminate\\Routing\\Router->runRoute(Object(Illuminate\\Http\\Request), Object(Illuminate\\Routing\\Route))
#35 C:\\Users\\hp\\Desktop\\Personal Drive\\Projects\\.idea\\vendor\\laravel\\framework\\src\\Illuminate\\Routing\\Router.php(658): Illuminate\\Routing\\Router->dispatchToRoute(Object(Illuminate\\Http\\Request))
#36 C:\\Users\\hp\\Desktop\\Personal Drive\\Projects\\.idea\\vendor\\laravel\\framework\\src\\Illuminate\\Foundation\\Http\\Kernel.php(190): Illuminate\\Routing\\Router->dispatch(Object(Illuminate\\Http\\Request))
#37 C:\\Users\\hp\\Desktop\\Personal Drive\\Projects\\.idea\\vendor\\laravel\\framework\\src\\Illuminate\\Pipeline\\Pipeline.php(141): Illuminate\\Foundation\\Http\\Kernel->Illuminate\\Foundation\\Http\\{closure}(Object(Illuminate\\Http\\Request))
#38 C:\\Users\\hp\\Desktop\\Personal Drive\\Projects\\.idea\\vendor\\laravel\\framework\\src\\Illuminate\\Foundation\\Http\\Middleware\\TransformsRequest.php(21): Illuminate\\Pipeline\\Pipeline->Illuminate\\Pipeline\\{closure}(Object(Illuminate\\Http\\Request))
#39 C:\\Users\\hp\\Desktop\\Personal Drive\\Projects\\.idea\\vendor\\laravel\\framework\\src\\Illuminate\\Foundation\\Http\\Middleware\\ConvertEmptyStringsToNull.php(31): Illuminate\\Foundation\\Http\\Middleware\\TransformsRequest->handle(Object(Illuminate\\Http\\Request), Object(Closure))
#40 C:\\Users\\hp\\Desktop\\Personal Drive\\Projects\\.idea\\vendor\\laravel\\framework\\src\\Illuminate\\Pipeline\\Pipeline.php(180): Illuminate\\Foundation\\Http\\Middleware\\ConvertEmptyStringsToNull->handle(Object(Illuminate\\Http\\Request), Object(Closure))
#41 C:\\Users\\hp\\Desktop\\Personal Drive\\Projects\\.idea\\vendor\\laravel\\framework\\src\\Illuminate\\Foundation\\Http\\Middleware\\TransformsRequest.php(21): Illuminate\\Pipeline\\Pipeline->Illuminate\\Pipeline\\{closure}(Object(Illuminate\\Http\\Request))
#42 C:\\Users\\hp\\Desktop\\Personal Drive\\Projects\\.idea\\vendor\\laravel\\framework\\src\\Illuminate\\Foundation\\Http\\Middleware\\TrimStrings.php(40): Illuminate\\Foundation\\Http\\Middleware\\TransformsRequest->handle(Object(Illuminate\\Http\\Request), Object(Closure))
#43 C:\\Users\\hp\\Desktop\\Personal Drive\\Projects\\.idea\\vendor\\laravel\\framework\\src\\Illuminate\\Pipeline\\Pipeline.php(180): Illuminate\\Foundation\\Http\\Middleware\\TrimStrings->handle(Object(Illuminate\\Http\\Request), Object(Closure))
#44 C:\\Users\\hp\\Desktop\\Personal Drive\\Projects\\.idea\\vendor\\laravel\\framework\\src\\Illuminate\\Foundation\\Http\\Middleware\\ValidatePostSize.php(27): Illuminate\\Pipeline\\Pipeline->Illuminate\\Pipeline\\{closure}(Object(Illuminate\\Http\\Request))
#45 C:\\Users\\hp\\Desktop\\Personal Drive\\Projects\\.idea\\vendor\\laravel\\framework\\src\\Illuminate\\Pipeline\\Pipeline.php(180): Illuminate\\Foundation\\Http\\Middleware\\ValidatePostSize->handle(Object(Illuminate\\Http\\Request), Object(Closure))
#46 C:\\Users\\hp\\Desktop\\Personal Drive\\Projects\\.idea\\vendor\\laravel\\framework\\src\\Illuminate\\Foundation\\Http\\Middleware\\PreventRequestsDuringMaintenance.php(86): Illuminate\\Pipeline\\Pipeline->Illuminate\\Pipeline\\{closure}(Object(Illuminate\\Http\\Request))
#47 C:\\Users\\hp\\Desktop\\Personal Drive\\Projects\\.idea\\vendor\\laravel\\framework\\src\\Illuminate\\Pipeline\\Pipeline.php(180): Illuminate\\Foundation\\Http\\Middleware\\PreventRequestsDuringMaintenance->handle(Object(Illuminate\\Http\\Request), Object(Closure))
#48 C:\\Users\\hp\\Desktop\\Personal Drive\\Projects\\.idea\\vendor\\laravel\\framework\\src\\Illuminate\\Http\\Middleware\\HandleCors.php(49): Illuminate\\Pipeline\\Pipeline->Illuminate\\Pipeline\\{closure}(Object(Illuminate\\Http\\Request))
#49 C:\\Users\\hp\\Desktop\\Personal Drive\\Projects\\.idea\\vendor\\laravel\\framework\\src\\Illuminate\\Pipeline\\Pipeline.php(180): Illuminate\\Http\\Middleware\\HandleCors->handle(Object(Illuminate\\Http\\Request), Object(Closure))
#50 C:\\Users\\hp\\Desktop\\Personal Drive\\Projects\\.idea\\vendor\\laravel\\framework\\src\\Illuminate\\Http\\Middleware\\TrustProxies.php(39): Illuminate\\Pipeline\\Pipeline->Illuminate\\Pipeline\\{closure}(Object(Illuminate\\Http\\Request))
#51 C:\\Users\\hp\\Desktop\\Personal Drive\\Projects\\.idea\\vendor\\laravel\\framework\\src\\Illuminate\\Pipeline\\Pipeline.php(180): Illuminate\\Http\\Middleware\\TrustProxies->handle(Object(Illuminate\\Http\\Request), Object(Closure))
#52 C:\\Users\\hp\\Desktop\\Personal Drive\\Projects\\.idea\\vendor\\laravel\\framework\\src\\Illuminate\\Pipeline\\Pipeline.php(116): Illuminate\\Pipeline\\Pipeline->Illuminate\\Pipeline\\{closure}(Object(Illuminate\\Http\\Request))
#53 C:\\Users\\hp\\Desktop\\Personal Drive\\Projects\\.idea\\vendor\\laravel\\framework\\src\\Illuminate\\Foundation\\Http\\Kernel.php(165): Illuminate\\Pipeline\\Pipeline->then(Object(Closure))
#54 C:\\Users\\hp\\Desktop\\Personal Drive\\Projects\\.idea\\vendor\\laravel\\framework\\src\\Illuminate\\Foundation\\Http\\Kernel.php(134): Illuminate\\Foundation\\Http\\Kernel->sendRequestThroughRouter(Object(Illuminate\\Http\\Request))
#55 C:\\Users\\hp\\Desktop\\Personal Drive\\Projects\\.idea\\public\\index.php(51): Illuminate\\Foundation\\Http\\Kernel->handle(Object(Illuminate\\Http\\Request))
#56 C:\\Users\\hp\\Desktop\\Personal Drive\\Projects\\.idea\\vendor\\laravel\\framework\\src\\Illuminate\\Foundation\\resources\\server.php(16): require_once('C:\\\\Users\\\\hp\\\\Des...')
#57 {main}

[previous exception] [object] (PDOException(code: 1045): SQLSTATE[HY000] [1045] Access denied for user 'farhadbhuiyan_accounts'@'localhost' (using password: YES) at C:\\Users\\hp\\Desktop\\Personal Drive\\Projects\\.idea\\vendor\\laravel\\framework\\src\\Illuminate\\Database\\Connectors\\Connector.php:70)
[stacktrace]
#0 C:\\Users\\hp\\Desktop\\Personal Drive\\Projects\\.idea\\vendor\\laravel\\framework\\src\\Illuminate\\Database\\Connectors\\Connector.php(70): PDO->__construct('mysql:host=127....', 'farhadbhuiyan_a...', Object(SensitiveParameterValue), Array)
#1 C:\\Users\\hp\\Desktop\\Personal Drive\\Projects\\.idea\\vendor\\laravel\\framework\\src\\Illuminate\\Database\\Connectors\\Connector.php(45): Illuminate\\Database\\Connectors\\Connector->createPdoConnection('mysql:host=127....', 'farhadbhuiyan_a...', 'ES{Pt-Nd6JMT', Array)
#2 C:\\Users\\hp\\Desktop\\Personal Drive\\Projects\\.idea\\vendor\\laravel\\framework\\src\\Illuminate\\Database\\Connectors\\MySqlConnector.php(24): Illuminate\\Database\\Connectors\\Connector->createConnection('mysql:host=127....', Array, Array)
#3 C:\\Users\\hp\\Desktop\\Personal Drive\\Projects\\.idea\\vendor\\laravel\\framework\\src\\Illuminate\\Database\\Connectors\\ConnectionFactory.php(184): Illuminate\\Database\\Connectors\\MySqlConnector->connect(Array)
#4 [internal function]: Illuminate\\Database\\Connectors\\ConnectionFactory->Illuminate\\Database\\Connectors\\{closure}()
#5 C:\\Users\\hp\\Desktop\\Personal Drive\\Projects\\.idea\\vendor\\laravel\\framework\\src\\Illuminate\\Database\\Connection.php(1171): call_user_func(Object(Closure))
#6 C:\\Users\\hp\\Desktop\\Personal Drive\\Projects\\.idea\\vendor\\laravel\\framework\\src\\Illuminate\\Database\\Connection.php(1207): Illuminate\\Database\\Connection->getPdo()
#7 C:\\Users\\hp\\Desktop\\Personal Drive\\Projects\\.idea\\vendor\\laravel\\framework\\src\\Illuminate\\Database\\Connection.php(486): Illuminate\\Database\\Connection->getReadPdo()
#8 C:\\Users\\hp\\Desktop\\Personal Drive\\Projects\\.idea\\vendor\\laravel\\framework\\src\\Illuminate\\Database\\Connection.php(414): Illuminate\\Database\\Connection->getPdoForSelect(true)
#9 C:\\Users\\hp\\Desktop\\Personal Drive\\Projects\\.idea\\vendor\\laravel\\framework\\src\\Illuminate\\Database\\Connection.php(753): Illuminate\\Database\\Connection->Illuminate\\Database\\{closure}('select * from `...', Array)
#10 C:\\Users\\hp\\Desktop\\Personal Drive\\Projects\\.idea\\vendor\\laravel\\framework\\src\\Illuminate\\Database\\Connection.php(720): Illuminate\\Database\\Connection->runQueryCallback('select * from `...', Array, Object(Closure))
#11 C:\\Users\\hp\\Desktop\\Personal Drive\\Projects\\.idea\\vendor\\laravel\\framework\\src\\Illuminate\\Database\\Connection.php(405): Illuminate\\Database\\Connection->run('select * from `...', Array, Object(Closure))
#12 C:\\Users\\hp\\Desktop\\Personal Drive\\Projects\\.idea\\vendor\\laravel\\framework\\src\\Illuminate\\Database\\Query\\Builder.php(2649): Illuminate\\Database\\Connection->select('select * from `...', Array, true)
#13 C:\\Users\\hp\\Desktop\\Personal Drive\\Projects\\.idea\\vendor\\laravel\\framework\\src\\Illuminate\\Database\\Query\\Builder.php(2638): Illuminate\\Database\\Query\\Builder->runSelect()
#14 C:\\Users\\hp\\Desktop\\Personal Drive\\Projects\\.idea\\vendor\\laravel\\framework\\src\\Illuminate\\Database\\Query\\Builder.php(3174): Illuminate\\Database\\Query\\Builder->Illuminate\\Database\\Query\\{closure}()
#15 C:\\Users\\hp\\Desktop\\Personal Drive\\Projects\\.idea\\vendor\\laravel\\framework\\src\\Illuminate\\Database\\Query\\Builder.php(2637): Illuminate\\Database\\Query\\Builder->onceWithColumns(Array, Object(Closure))
#16 C:\\Users\\hp\\Desktop\\Personal Drive\\Projects\\.idea\\app\\Models\\Utility.php(27): Illuminate\\Database\\Query\\Builder->get()
#17 C:\\Users\\hp\\Desktop\\Personal Drive\\Projects\\.idea\\app\\Http\\Controllers\\DashboardController.php(134): App\\Models\\Utility::settings()
#18 C:\\Users\\hp\\Desktop\\Personal Drive\\Projects\\.idea\\vendor\\laravel\\framework\\src\\Illuminate\\Routing\\Controller.php(54): App\\Http\\Controllers\\DashboardController->index()
#19 C:\\Users\\hp\\Desktop\\Personal Drive\\Projects\\.idea\\vendor\\laravel\\framework\\src\\Illuminate\\Routing\\ControllerDispatcher.php(43): Illuminate\\Routing\\Controller->callAction('index', Array)
#20 C:\\Users\\hp\\Desktop\\Personal Drive\\Projects\\.idea\\vendor\\laravel\\framework\\src\\Illuminate\\Routing\\Route.php(259): Illuminate\\Routing\\ControllerDispatcher->dispatch(Object(Illuminate\\Routing\\Route), Object(App\\Http\\Controllers\\DashboardController), 'index')
#21 C:\\Users\\hp\\Desktop\\Personal Drive\\Projects\\.idea\\vendor\\laravel\\framework\\src\\Illuminate\\Routing\\Route.php(205): Illuminate\\Routing\\Route->runController()
#22 C:\\Users\\hp\\Desktop\\Personal Drive\\Projects\\.idea\\vendor\\laravel\\framework\\src\\Illuminate\\Routing\\Router.php(727): Illuminate\\Routing\\Route->run()
#23 C:\\Users\\hp\\Desktop\\Personal Drive\\Projects\\.idea\\vendor\\laravel\\framework\\src\\Illuminate\\Pipeline\\Pipeline.php(141): Illuminate\\Routing\\Router->Illuminate\\Routing\\{closure}(Object(Illuminate\\Http\\Request))
#24 C:\\Users\\hp\\Desktop\\Personal Drive\\Projects\\.idea\\app\\Http\\Middleware\\RevalidateBackHistory.php(18): Illuminate\\Pipeline\\Pipeline->Illuminate\\Pipeline\\{closure}(Object(Illuminate\\Http\\Request))
#25 C:\\Users\\hp\\Desktop\\Personal Drive\\Projects\\.idea\\vendor\\laravel\\framework\\src\\Illuminate\\Pipeline\\Pipeline.php(180): App\\Http\\Middleware\\RevalidateBackHistory->handle(Object(Illuminate\\Http\\Request), Object(Closure))
#26 C:\\Users\\hp\\Desktop\\Personal Drive\\Projects\\.idea\\app\\Http\\Middleware\\XSS.php(50): Illuminate\\Pipeline\\Pipeline->Illuminate\\Pipeline\\{closure}(Object(Illuminate\\Http\\Request))
#27 C:\\Users\\hp\\Desktop\\Personal Drive\\Projects\\.idea\\vendor\\laravel\\framework\\src\\Illuminate\\Pipeline\\Pipeline.php(180): App\\Http\\Middleware\\XSS->handle(Object(Illuminate\\Http\\Request), Object(Closure))
#28 C:\\Users\\hp\\Desktop\\Personal Drive\\Projects\\.idea\\vendor\\laravel\\framework\\src\\Illuminate\\Routing\\Middleware\\SubstituteBindings.php(50): Illuminate\\Pipeline\\Pipeline->Illuminate\\Pipeline\\{closure}(Object(Illuminate\\Http\\Request))
#29 C:\\Users\\hp\\Desktop\\Personal Drive\\Projects\\.idea\\vendor\\laravel\\framework\\src\\Illuminate\\Pipeline\\Pipeline.php(180): Illuminate\\Routing\\Middleware\\SubstituteBindings->handle(Object(Illuminate\\Http\\Request), Object(Closure))
#30 C:\\Users\\hp\\Desktop\\Personal Drive\\Projects\\.idea\\vendor\\laravel\\framework\\src\\Illuminate\\Foundation\\Http\\Middleware\\VerifyCsrfToken.php(78): Illuminate\\Pipeline\\Pipeline->Illuminate\\Pipeline\\{closure}(Object(Illuminate\\Http\\Request))
#31 C:\\Users\\hp\\Desktop\\Personal Drive\\Projects\\.idea\\vendor\\laravel\\framework\\src\\Illuminate\\Pipeline\\Pipeline.php(180): Illuminate\\Foundation\\Http\\Middleware\\VerifyCsrfToken->handle(Object(Illuminate\\Http\\Request), Object(Closure))
#32 C:\\Users\\hp\\Desktop\\Personal Drive\\Projects\\.idea\\vendor\\laravel\\framework\\src\\Illuminate\\View\\Middleware\\ShareErrorsFromSession.php(49): Illuminate\\Pipeline\\Pipeline->Illuminate\\Pipeline\\{closure}(Object(Illuminate\\Http\\Request))
#33 C:\\Users\\hp\\Desktop\\Personal Drive\\Projects\\.idea\\vendor\\laravel\\framework\\src\\Illuminate\\Pipeline\\Pipeline.php(180): Illuminate\\View\\Middleware\\ShareErrorsFromSession->handle(Object(Illuminate\\Http\\Request), Object(Closure))
#34 C:\\Users\\hp\\Desktop\\Personal Drive\\Projects\\.idea\\vendor\\laravel\\framework\\src\\Illuminate\\Session\\Middleware\\StartSession.php(121): Illuminate\\Pipeline\\Pipeline->Illuminate\\Pipeline\\{closure}(Object(Illuminate\\Http\\Request))
#35 C:\\Users\\hp\\Desktop\\Personal Drive\\Projects\\.idea\\vendor\\laravel\\framework\\src\\Illuminate\\Session\\Middleware\\StartSession.php(64): Illuminate\\Session\\Middleware\\StartSession->handleStatefulRequest(Object(Illuminate\\Http\\Request), Object(Illuminate\\Session\\Store), Object(Closure))
#36 C:\\Users\\hp\\Desktop\\Personal Drive\\Projects\\.idea\\vendor\\laravel\\framework\\src\\Illuminate\\Pipeline\\Pipeline.php(180): Illuminate\\Session\\Middleware\\StartSession->handle(Object(Illuminate\\Http\\Request), Object(Closure))
#37 C:\\Users\\hp\\Desktop\\Personal Drive\\Projects\\.idea\\vendor\\laravel\\framework\\src\\Illuminate\\Cookie\\Middleware\\AddQueuedCookiesToResponse.php(37): Illuminate\\Pipeline\\Pipeline->Illuminate\\Pipeline\\{closure}(Object(Illuminate\\Http\\Request))
#38 C:\\Users\\hp\\Desktop\\Personal Drive\\Projects\\.idea\\vendor\\laravel\\framework\\src\\Illuminate\\Pipeline\\Pipeline.php(180): Illuminate\\Cookie\\Middleware\\AddQueuedCookiesToResponse->handle(Object(Illuminate\\Http\\Request), Object(Closure))
#39 C:\\Users\\hp\\Desktop\\Personal Drive\\Projects\\.idea\\vendor\\laravel\\framework\\src\\Illuminate\\Cookie\\Middleware\\EncryptCookies.php(67): Illuminate\\Pipeline\\Pipeline->Illuminate\\Pipeline\\{closure}(Object(Illuminate\\Http\\Request))
#40 C:\\Users\\hp\\Desktop\\Personal Drive\\Projects\\.idea\\vendor\\laravel\\framework\\src\\Illuminate\\Pipeline\\Pipeline.php(180): Illuminate\\Cookie\\Middleware\\EncryptCookies->handle(Object(Illuminate\\Http\\Request), Object(Closure))
#41 C:\\Users\\hp\\Desktop\\Personal Drive\\Projects\\.idea\\vendor\\laravel\\framework\\src\\Illuminate\\Pipeline\\Pipeline.php(116): Illuminate\\Pipeline\\Pipeline->Illuminate\\Pipeline\\{closure}(Object(Illuminate\\Http\\Request))
#42 C:\\Users\\hp\\Desktop\\Personal Drive\\Projects\\.idea\\vendor\\laravel\\framework\\src\\Illuminate\\Routing\\Router.php(726): Illuminate\\Pipeline\\Pipeline->then(Object(Closure))
#43 C:\\Users\\hp\\Desktop\\Personal Drive\\Projects\\.idea\\vendor\\laravel\\framework\\src\\Illuminate\\Routing\\Router.php(705): Illuminate\\Routing\\Router->runRouteWithinStack(Object(Illuminate\\Routing\\Route), Object(Illuminate\\Http\\Request))
#44 C:\\Users\\hp\\Desktop\\Personal Drive\\Projects\\.idea\\vendor\\laravel\\framework\\src\\Illuminate\\Routing\\Router.php(669): Illuminate\\Routing\\Router->runRoute(Object(Illuminate\\Http\\Request), Object(Illuminate\\Routing\\Route))
#45 C:\\Users\\hp\\Desktop\\Personal Drive\\Projects\\.idea\\vendor\\laravel\\framework\\src\\Illuminate\\Routing\\Router.php(658): Illuminate\\Routing\\Router->dispatchToRoute(Object(Illuminate\\Http\\Request))
#46 C:\\Users\\hp\\Desktop\\Personal Drive\\Projects\\.idea\\vendor\\laravel\\framework\\src\\Illuminate\\Foundation\\Http\\Kernel.php(190): Illuminate\\Routing\\Router->dispatch(Object(Illuminate\\Http\\Request))
#47 C:\\Users\\hp\\Desktop\\Personal Drive\\Projects\\.idea\\vendor\\laravel\\framework\\src\\Illuminate\\Pipeline\\Pipeline.php(141): Illuminate\\Foundation\\Http\\Kernel->Illuminate\\Foundation\\Http\\{closure}(Object(Illuminate\\Http\\Request))
#48 C:\\Users\\hp\\Desktop\\Personal Drive\\Projects\\.idea\\vendor\\laravel\\framework\\src\\Illuminate\\Foundation\\Http\\Middleware\\TransformsRequest.php(21): Illuminate\\Pipeline\\Pipeline->Illuminate\\Pipeline\\{closure}(Object(Illuminate\\Http\\Request))
#49 C:\\Users\\hp\\Desktop\\Personal Drive\\Projects\\.idea\\vendor\\laravel\\framework\\src\\Illuminate\\Foundation\\Http\\Middleware\\ConvertEmptyStringsToNull.php(31): Illuminate\\Foundation\\Http\\Middleware\\TransformsRequest->handle(Object(Illuminate\\Http\\Request), Object(Closure))
#50 C:\\Users\\hp\\Desktop\\Personal Drive\\Projects\\.idea\\vendor\\laravel\\framework\\src\\Illuminate\\Pipeline\\Pipeline.php(180): Illuminate\\Foundation\\Http\\Middleware\\ConvertEmptyStringsToNull->handle(Object(Illuminate\\Http\\Request), Object(Closure))
#51 C:\\Users\\hp\\Desktop\\Personal Drive\\Projects\\.idea\\vendor\\laravel\\framework\\src\\Illuminate\\Foundation\\Http\\Middleware\\TransformsRequest.php(21): Illuminate\\Pipeline\\Pipeline->Illuminate\\Pipeline\\{closure}(Object(Illuminate\\Http\\Request))
#52 C:\\Users\\hp\\Desktop\\Personal Drive\\Projects\\.idea\\vendor\\laravel\\framework\\src\\Illuminate\\Foundation\\Http\\Middleware\\TrimStrings.php(40): Illuminate\\Foundation\\Http\\Middleware\\TransformsRequest->handle(Object(Illuminate\\Http\\Request), Object(Closure))
#53 C:\\Users\\hp\\Desktop\\Personal Drive\\Projects\\.idea\\vendor\\laravel\\framework\\src\\Illuminate\\Pipeline\\Pipeline.php(180): Illuminate\\Foundation\\Http\\Middleware\\TrimStrings->handle(Object(Illuminate\\Http\\Request), Object(Closure))
#54 C:\\Users\\hp\\Desktop\\Personal Drive\\Projects\\.idea\\vendor\\laravel\\framework\\src\\Illuminate\\Foundation\\Http\\Middleware\\ValidatePostSize.php(27): Illuminate\\Pipeline\\Pipeline->Illuminate\\Pipeline\\{closure}(Object(Illuminate\\Http\\Request))
#55 C:\\Users\\hp\\Desktop\\Personal Drive\\Projects\\.idea\\vendor\\laravel\\framework\\src\\Illuminate\\Pipeline\\Pipeline.php(180): Illuminate\\Foundation\\Http\\Middleware\\ValidatePostSize->handle(Object(Illuminate\\Http\\Request), Object(Closure))
#56 C:\\Users\\hp\\Desktop\\Personal Drive\\Projects\\.idea\\vendor\\laravel\\framework\\src\\Illuminate\\Foundation\\Http\\Middleware\\PreventRequestsDuringMaintenance.php(86): Illuminate\\Pipeline\\Pipeline->Illuminate\\Pipeline\\{closure}(Object(Illuminate\\Http\\Request))
#57 C:\\Users\\hp\\Desktop\\Personal Drive\\Projects\\.idea\\vendor\\laravel\\framework\\src\\Illuminate\\Pipeline\\Pipeline.php(180): Illuminate\\Foundation\\Http\\Middleware\\PreventRequestsDuringMaintenance->handle(Object(Illuminate\\Http\\Request), Object(Closure))
#58 C:\\Users\\hp\\Desktop\\Personal Drive\\Projects\\.idea\\vendor\\laravel\\framework\\src\\Illuminate\\Http\\Middleware\\HandleCors.php(49): Illuminate\\Pipeline\\Pipeline->Illuminate\\Pipeline\\{closure}(Object(Illuminate\\Http\\Request))
#59 C:\\Users\\hp\\Desktop\\Personal Drive\\Projects\\.idea\\vendor\\laravel\\framework\\src\\Illuminate\\Pipeline\\Pipeline.php(180): Illuminate\\Http\\Middleware\\HandleCors->handle(Object(Illuminate\\Http\\Request), Object(Closure))
#60 C:\\Users\\hp\\Desktop\\Personal Drive\\Projects\\.idea\\vendor\\laravel\\framework\\src\\Illuminate\\Http\\Middleware\\TrustProxies.php(39): Illuminate\\Pipeline\\Pipeline->Illuminate\\Pipeline\\{closure}(Object(Illuminate\\Http\\Request))
#61 C:\\Users\\hp\\Desktop\\Personal Drive\\Projects\\.idea\\vendor\\laravel\\framework\\src\\Illuminate\\Pipeline\\Pipeline.php(180): Illuminate\\Http\\Middleware\\TrustProxies->handle(Object(Illuminate\\Http\\Request), Object(Closure))
#62 C:\\Users\\hp\\Desktop\\Personal Drive\\Projects\\.idea\\vendor\\laravel\\framework\\src\\Illuminate\\Pipeline\\Pipeline.php(116): Illuminate\\Pipeline\\Pipeline->Illuminate\\Pipeline\\{closure}(Object(Illuminate\\Http\\Request))
#63 C:\\Users\\hp\\Desktop\\Personal Drive\\Projects\\.idea\\vendor\\laravel\\framework\\src\\Illuminate\\Foundation\\Http\\Kernel.php(165): Illuminate\\Pipeline\\Pipeline->then(Object(Closure))
#64 C:\\Users\\hp\\Desktop\\Personal Drive\\Projects\\.idea\\vendor\\laravel\\framework\\src\\Illuminate\\Foundation\\Http\\Kernel.php(134): Illuminate\\Foundation\\Http\\Kernel->sendRequestThroughRouter(Object(Illuminate\\Http\\Request))
#65 C:\\Users\\hp\\Desktop\\Personal Drive\\Projects\\.idea\\public\\index.php(51): Illuminate\\Foundation\\Http\\Kernel->handle(Object(Illuminate\\Http\\Request))
#66 C:\\Users\\hp\\Desktop\\Personal Drive\\Projects\\.idea\\vendor\\laravel\\framework\\src\\Illuminate\\Foundation\\resources\\server.php(16): require_once('C:\\\\Users\\\\hp\\\\Des...')
#67 {main}
"} 
[2026-03-10 14:32:20] local.ERROR: SQLSTATE[HY000] [1045] Access denied for user 'farhadbhuiyan_accounts'@'localhost' (using password: NO) (SQL: select * from `settings` where `created_by` = 1) {"exception":"[object] (Illuminate\\Database\\QueryException(code: 1045): SQLSTATE[HY000] [1045] Access denied for user 'farhadbhuiyan_accounts'@'localhost' (using password: NO) (SQL: select * from `settings` where `created_by` = 1) at C:\\Users\\hp\\Desktop\\Personal Drive\\Projects\\.idea\\vendor\\laravel\\framework\\src\\Illuminate\\Database\\Connection.php:760)
[stacktrace]
#0 C:\\Users\\hp\\Desktop\\Personal Drive\\Projects\\.idea\\vendor\\laravel\\framework\\src\\Illuminate\\Database\\Connection.php(720): Illuminate\\Database\\Connection->runQueryCallback('select * from `...', Array, Object(Closure))
#1 C:\\Users\\hp\\Desktop\\Personal Drive\\Projects\\.idea\\vendor\\laravel\\framework\\src\\Illuminate\\Database\\Connection.php(405): Illuminate\\Database\\Connection->run('select * from `...', Array, Object(Closure))
#2 C:\\Users\\hp\\Desktop\\Personal Drive\\Projects\\.idea\\vendor\\laravel\\framework\\src\\Illuminate\\Database\\Query\\Builder.php(2649): Illuminate\\Database\\Connection->select('select * from `...', Array, true)
#3 C:\\Users\\hp\\Desktop\\Personal Drive\\Projects\\.idea\\vendor\\laravel\\framework\\src\\Illuminate\\Database\\Query\\Builder.php(2638): Illuminate\\Database\\Query\\Builder->runSelect()
#4 C:\\Users\\hp\\Desktop\\Personal Drive\\Projects\\.idea\\vendor\\laravel\\framework\\src\\Illuminate\\Database\\Query\\Builder.php(3174): Illuminate\\Database\\Query\\Builder->Illuminate\\Database\\Query\\{closure}()
#5 C:\\Users\\hp\\Desktop\\Personal Drive\\Projects\\.idea\\vendor\\laravel\\framework\\src\\Illuminate\\Database\\Query\\Builder.php(2637): Illuminate\\Database\\Query\\Builder->onceWithColumns(Array, Object(Closure))
#6 C:\\Users\\hp\\Desktop\\Personal Drive\\Projects\\.idea\\app\\Models\\Utility.php(27): Illuminate\\Database\\Query\\Builder->get()
#7 C:\\Users\\hp\\Desktop\\Personal Drive\\Projects\\.idea\\app\\Http\\Controllers\\DashboardController.php(134): App\\Models\\Utility::settings()
#8 C:\\Users\\hp\\Desktop\\Personal Drive\\Projects\\.idea\\vendor\\laravel\\framework\\src\\Illuminate\\Routing\\Controller.php(54): App\\Http\\Controllers\\DashboardController->index()
#9 C:\\Users\\hp\\Desktop\\Personal Drive\\Projects\\.idea\\vendor\\laravel\\framework\\src\\Illuminate\\Routing\\ControllerDispatcher.php(43): Illuminate\\Routing\\Controller->callAction('index', Array)
#10 C:\\Users\\hp\\Desktop\\Personal Drive\\Projects\\.idea\\vendor\\laravel\\framework\\src\\Illuminate\\Routing\\Route.php(259): Illuminate\\Routing\\ControllerDispatcher->dispatch(Object(Illuminate\\Routing\\Route), Object(App\\Http\\Controllers\\DashboardController), 'index')
#11 C:\\Users\\hp\\Desktop\\Personal Drive\\Projects\\.idea\\vendor\\laravel\\framework\\src\\Illuminate\\Routing\\Route.php(205): Illuminate\\Routing\\Route->runController()
#12 C:\\Users\\hp\\Desktop\\Personal Drive\\Projects\\.idea\\vendor\\laravel\\framework\\src\\Illuminate\\Routing\\Router.php(727): Illuminate\\Routing\\Route->run()
#13 C:\\Users\\hp\\Desktop\\Personal Drive\\Projects\\.idea\\vendor\\laravel\\framework\\src\\Illuminate\\Pipeline\\Pipeline.php(141): Illuminate\\Routing\\Router->Illuminate\\Routing\\{closure}(Object(Illuminate\\Http\\Request))
#14 C:\\Users\\hp\\Desktop\\Personal Drive\\Projects\\.idea\\app\\Http\\Middleware\\RevalidateBackHistory.php(18): Illuminate\\Pipeline\\Pipeline->Illuminate\\Pipeline\\{closure}(Object(Illuminate\\Http\\Request))
#15 C:\\Users\\hp\\Desktop\\Personal Drive\\Projects\\.idea\\vendor\\laravel\\framework\\src\\Illuminate\\Pipeline\\Pipeline.php(180): App\\Http\\Middleware\\RevalidateBackHistory->handle(Object(Illuminate\\Http\\Request), Object(Closure))
#16 C:\\Users\\hp\\Desktop\\Personal Drive\\Projects\\.idea\\app\\Http\\Middleware\\XSS.php(50): Illuminate\\Pipeline\\Pipeline->Illuminate\\Pipeline\\{closure}(Object(Illuminate\\Http\\Request))
#17 C:\\Users\\hp\\Desktop\\Personal Drive\\Projects\\.idea\\vendor\\laravel\\framework\\src\\Illuminate\\Pipeline\\Pipeline.php(180): App\\Http\\Middleware\\XSS->handle(Object(Illuminate\\Http\\Request), Object(Closure))
#18 C:\\Users\\hp\\Desktop\\Personal Drive\\Projects\\.idea\\vendor\\laravel\\framework\\src\\Illuminate\\Routing\\Middleware\\SubstituteBindings.php(50): Illuminate\\Pipeline\\Pipeline->Illuminate\\Pipeline\\{closure}(Object(Illuminate\\Http\\Request))
#19 C:\\Users\\hp\\Desktop\\Personal Drive\\Projects\\.idea\\vendor\\laravel\\framework\\src\\Illuminate\\Pipeline\\Pipeline.php(180): Illuminate\\Routing\\Middleware\\SubstituteBindings->handle(Object(Illuminate\\Http\\Request), Object(Closure))
#20 C:\\Users\\hp\\Desktop\\Personal Drive\\Projects\\.idea\\vendor\\laravel\\framework\\src\\Illuminate\\Foundation\\Http\\Middleware\\VerifyCsrfToken.php(78): Illuminate\\Pipeline\\Pipeline->Illuminate\\Pipeline\\{closure}(Object(Illuminate\\Http\\Request))
#21 C:\\Users\\hp\\Desktop\\Personal Drive\\Projects\\.idea\\vendor\\laravel\\framework\\src\\Illuminate\\Pipeline\\Pipeline.php(180): Illuminate\\Foundation\\Http\\Middleware\\VerifyCsrfToken->handle(Object(Illuminate\\Http\\Request), Object(Closure))
#22 C:\\Users\\hp\\Desktop\\Personal Drive\\Projects\\.idea\\vendor\\laravel\\framework\\src\\Illuminate\\View\\Middleware\\ShareErrorsFromSession.php(49): Illuminate\\Pipeline\\Pipeline->Illuminate\\Pipeline\\{closure}(Object(Illuminate\\Http\\Request))
#23 C:\\Users\\hp\\Desktop\\Personal Drive\\Projects\\.idea\\vendor\\laravel\\framework\\src\\Illuminate\\Pipeline\\Pipeline.php(180): Illuminate\\View\\Middleware\\ShareErrorsFromSession->handle(Object(Illuminate\\Http\\Request), Object(Closure))
#24 C:\\Users\\hp\\Desktop\\Personal Drive\\Projects\\.idea\\vendor\\laravel\\framework\\src\\Illuminate\\Session\\Middleware\\StartSession.php(121): Illuminate\\Pipeline\\Pipeline->Illuminate\\Pipeline\\{closure}(Object(Illuminate\\Http\\Request))
#25 C:\\Users\\hp\\Desktop\\Personal Drive\\Projects\\.idea\\vendor\\laravel\\framework\\src\\Illuminate\\Session\\Middleware\\StartSession.php(64): Illuminate\\Session\\Middleware\\StartSession->handleStatefulRequest(Object(Illuminate\\Http\\Request), Object(Illuminate\\Session\\Store), Object(Closure))
#26 C:\\Users\\hp\\Desktop\\Personal Drive\\Projects\\.idea\\vendor\\laravel\\framework\\src\\Illuminate\\Pipeline\\Pipeline.php(180): Illuminate\\Session\\Middleware\\StartSession->handle(Object(Illuminate\\Http\\Request), Object(Closure))
#27 C:\\Users\\hp\\Desktop\\Personal Drive\\Projects\\.idea\\vendor\\laravel\\framework\\src\\Illuminate\\Cookie\\Middleware\\AddQueuedCookiesToResponse.php(37): Illuminate\\Pipeline\\Pipeline->Illuminate\\Pipeline\\{closure}(Object(Illuminate\\Http\\Request))
#28 C:\\Users\\hp\\Desktop\\Personal Drive\\Projects\\.idea\\vendor\\laravel\\framework\\src\\Illuminate\\Pipeline\\Pipeline.php(180): Illuminate\\Cookie\\Middleware\\AddQueuedCookiesToResponse->handle(Object(Illuminate\\Http\\Request), Object(Closure))
#29 C:\\Users\\hp\\Desktop\\Personal Drive\\Projects\\.idea\\vendor\\laravel\\framework\\src\\Illuminate\\Cookie\\Middleware\\EncryptCookies.php(67): Illuminate\\Pipeline\\Pipeline->Illuminate\\Pipeline\\{closure}(Object(Illuminate\\Http\\Request))
#30 C:\\Users\\hp\\Desktop\\Personal Drive\\Projects\\.idea\\vendor\\laravel\\framework\\src\\Illuminate\\Pipeline\\Pipeline.php(180): Illuminate\\Cookie\\Middleware\\EncryptCookies->handle(Object(Illuminate\\Http\\Request), Object(Closure))
#31 C:\\Users\\hp\\Desktop\\Personal Drive\\Projects\\.idea\\vendor\\laravel\\framework\\src\\Illuminate\\Pipeline\\Pipeline.php(116): Illuminate\\Pipeline\\Pipeline->Illuminate\\Pipeline\\{closure}(Object(Illuminate\\Http\\Request))
#32 C:\\Users\\hp\\Desktop\\Personal Drive\\Projects\\.idea\\vendor\\laravel\\framework\\src\\Illuminate\\Routing\\Router.php(726): Illuminate\\Pipeline\\Pipeline->then(Object(Closure))
#33 C:\\Users\\hp\\Desktop\\Personal Drive\\Projects\\.idea\\vendor\\laravel\\framework\\src\\Illuminate\\Routing\\Router.php(705): Illuminate\\Routing\\Router->runRouteWithinStack(Object(Illuminate\\Routing\\Route), Object(Illuminate\\Http\\Request))
#34 C:\\Users\\hp\\Desktop\\Personal Drive\\Projects\\.idea\\vendor\\laravel\\framework\\src\\Illuminate\\Routing\\Router.php(669): Illuminate\\Routing\\Router->runRoute(Object(Illuminate\\Http\\Request), Object(Illuminate\\Routing\\Route))
#35 C:\\Users\\hp\\Desktop\\Personal Drive\\Projects\\.idea\\vendor\\laravel\\framework\\src\\Illuminate\\Routing\\Router.php(658): Illuminate\\Routing\\Router->dispatchToRoute(Object(Illuminate\\Http\\Request))
#36 C:\\Users\\hp\\Desktop\\Personal Drive\\Projects\\.idea\\vendor\\laravel\\framework\\src\\Illuminate\\Foundation\\Http\\Kernel.php(190): Illuminate\\Routing\\Router->dispatch(Object(Illuminate\\Http\\Request))
#37 C:\\Users\\hp\\Desktop\\Personal Drive\\Projects\\.idea\\vendor\\laravel\\framework\\src\\Illuminate\\Pipeline\\Pipeline.php(141): Illuminate\\Foundation\\Http\\Kernel->Illuminate\\Foundation\\Http\\{closure}(Object(Illuminate\\Http\\Request))
#38 C:\\Users\\hp\\Desktop\\Personal Drive\\Projects\\.idea\\vendor\\laravel\\framework\\src\\Illuminate\\Foundation\\Http\\Middleware\\TransformsRequest.php(21): Illuminate\\Pipeline\\Pipeline->Illuminate\\Pipeline\\{closure}(Object(Illuminate\\Http\\Request))
#39 C:\\Users\\hp\\Desktop\\Personal Drive\\Projects\\.idea\\vendor\\laravel\\framework\\src\\Illuminate\\Foundation\\Http\\Middleware\\ConvertEmptyStringsToNull.php(31): Illuminate\\Foundation\\Http\\Middleware\\TransformsRequest->handle(Object(Illuminate\\Http\\Request), Object(Closure))
#40 C:\\Users\\hp\\Desktop\\Personal Drive\\Projects\\.idea\\vendor\\laravel\\framework\\src\\Illuminate\\Pipeline\\Pipeline.php(180): Illuminate\\Foundation\\Http\\Middleware\\ConvertEmptyStringsToNull->handle(Object(Illuminate\\Http\\Request), Object(Closure))
#41 C:\\Users\\hp\\Desktop\\Personal Drive\\Projects\\.idea\\vendor\\laravel\\framework\\src\\Illuminate\\Foundation\\Http\\Middleware\\TransformsRequest.php(21): Illuminate\\Pipeline\\Pipeline->Illuminate\\Pipeline\\{closure}(Object(Illuminate\\Http\\Request))
#42 C:\\Users\\hp\\Desktop\\Personal Drive\\Projects\\.idea\\vendor\\laravel\\framework\\src\\Illuminate\\Foundation\\Http\\Middleware\\TrimStrings.php(40): Illuminate\\Foundation\\Http\\Middleware\\TransformsRequest->handle(Object(Illuminate\\Http\\Request), Object(Closure))
#43 C:\\Users\\hp\\Desktop\\Personal Drive\\Projects\\.idea\\vendor\\laravel\\framework\\src\\Illuminate\\Pipeline\\Pipeline.php(180): Illuminate\\Foundation\\Http\\Middleware\\TrimStrings->handle(Object(Illuminate\\Http\\Request), Object(Closure))
#44 C:\\Users\\hp\\Desktop\\Personal Drive\\Projects\\.idea\\vendor\\laravel\\framework\\src\\Illuminate\\Foundation\\Http\\Middleware\\ValidatePostSize.php(27): Illuminate\\Pipeline\\Pipeline->Illuminate\\Pipeline\\{closure}(Object(Illuminate\\Http\\Request))
#45 C:\\Users\\hp\\Desktop\\Personal Drive\\Projects\\.idea\\vendor\\laravel\\framework\\src\\Illuminate\\Pipeline\\Pipeline.php(180): Illuminate\\Foundation\\Http\\Middleware\\ValidatePostSize->handle(Object(Illuminate\\Http\\Request), Object(Closure))
#46 C:\\Users\\hp\\Desktop\\Personal Drive\\Projects\\.idea\\vendor\\laravel\\framework\\src\\Illuminate\\Foundation\\Http\\Middleware\\PreventRequestsDuringMaintenance.php(86): Illuminate\\Pipeline\\Pipeline->Illuminate\\Pipeline\\{closure}(Object(Illuminate\\Http\\Request))
#47 C:\\Users\\hp\\Desktop\\Personal Drive\\Projects\\.idea\\vendor\\laravel\\framework\\src\\Illuminate\\Pipeline\\Pipeline.php(180): Illuminate\\Foundation\\Http\\Middleware\\PreventRequestsDuringMaintenance->handle(Object(Illuminate\\Http\\Request), Object(Closure))
#48 C:\\Users\\hp\\Desktop\\Personal Drive\\Projects\\.idea\\vendor\\laravel\\framework\\src\\Illuminate\\Http\\Middleware\\HandleCors.php(49): Illuminate\\Pipeline\\Pipeline->Illuminate\\Pipeline\\{closure}(Object(Illuminate\\Http\\Request))
#49 C:\\Users\\hp\\Desktop\\Personal Drive\\Projects\\.idea\\vendor\\laravel\\framework\\src\\Illuminate\\Pipeline\\Pipeline.php(180): Illuminate\\Http\\Middleware\\HandleCors->handle(Object(Illuminate\\Http\\Request), Object(Closure))
#50 C:\\Users\\hp\\Desktop\\Personal Drive\\Projects\\.idea\\vendor\\laravel\\framework\\src\\Illuminate\\Http\\Middleware\\TrustProxies.php(39): Illuminate\\Pipeline\\Pipeline->Illuminate\\Pipeline\\{closure}(Object(Illuminate\\Http\\Request))
#51 C:\\Users\\hp\\Desktop\\Personal Drive\\Projects\\.idea\\vendor\\laravel\\framework\\src\\Illuminate\\Pipeline\\Pipeline.php(180): Illuminate\\Http\\Middleware\\TrustProxies->handle(Object(Illuminate\\Http\\Request), Object(Closure))
#52 C:\\Users\\hp\\Desktop\\Personal Drive\\Projects\\.idea\\vendor\\laravel\\framework\\src\\Illuminate\\Pipeline\\Pipeline.php(116): Illuminate\\Pipeline\\Pipeline->Illuminate\\Pipeline\\{closure}(Object(Illuminate\\Http\\Request))
#53 C:\\Users\\hp\\Desktop\\Personal Drive\\Projects\\.idea\\vendor\\laravel\\framework\\src\\Illuminate\\Foundation\\Http\\Kernel.php(165): Illuminate\\Pipeline\\Pipeline->then(Object(Closure))
#54 C:\\Users\\hp\\Desktop\\Personal Drive\\Projects\\.idea\\vendor\\laravel\\framework\\src\\Illuminate\\Foundation\\Http\\Kernel.php(134): Illuminate\\Foundation\\Http\\Kernel->sendRequestThroughRouter(Object(Illuminate\\Http\\Request))
#55 C:\\Users\\hp\\Desktop\\Personal Drive\\Projects\\.idea\\public\\index.php(51): Illuminate\\Foundation\\Http\\Kernel->handle(Object(Illuminate\\Http\\Request))
#56 C:\\Users\\hp\\Desktop\\Personal Drive\\Projects\\.idea\\vendor\\laravel\\framework\\src\\Illuminate\\Foundation\\resources\\server.php(16): require_once('C:\\\\Users\\\\hp\\\\Des...')
#57 {main}

[previous exception] [object] (PDOException(code: 1045): SQLSTATE[HY000] [1045] Access denied for user 'farhadbhuiyan_accounts'@'localhost' (using password: NO) at C:\\Users\\hp\\Desktop\\Personal Drive\\Projects\\.idea\\vendor\\laravel\\framework\\src\\Illuminate\\Database\\Connectors\\Connector.php:70)
[stacktrace]
#0 C:\\Users\\hp\\Desktop\\Personal Drive\\Projects\\.idea\\vendor\\laravel\\framework\\src\\Illuminate\\Database\\Connectors\\Connector.php(70): PDO->__construct('mysql:host=127....', 'farhadbhuiyan_a...', Object(SensitiveParameterValue), Array)
#1 C:\\Users\\hp\\Desktop\\Personal Drive\\Projects\\.idea\\vendor\\laravel\\framework\\src\\Illuminate\\Database\\Connectors\\Connector.php(45): Illuminate\\Database\\Connectors\\Connector->createPdoConnection('mysql:host=127....', 'farhadbhuiyan_a...', '', Array)
#2 C:\\Users\\hp\\Desktop\\Personal Drive\\Projects\\.idea\\vendor\\laravel\\framework\\src\\Illuminate\\Database\\Connectors\\MySqlConnector.php(24): Illuminate\\Database\\Connectors\\Connector->createConnection('mysql:host=127....', Array, Array)
#3 C:\\Users\\hp\\Desktop\\Personal Drive\\Projects\\.idea\\vendor\\laravel\\framework\\src\\Illuminate\\Database\\Connectors\\ConnectionFactory.php(184): Illuminate\\Database\\Connectors\\MySqlConnector->connect(Array)
#4 [internal function]: Illuminate\\Database\\Connectors\\ConnectionFactory->Illuminate\\Database\\Connectors\\{closure}()
#5 C:\\Users\\hp\\Desktop\\Personal Drive\\Projects\\.idea\\vendor\\laravel\\framework\\src\\Illuminate\\Database\\Connection.php(1171): call_user_func(Object(Closure))
#6 C:\\Users\\hp\\Desktop\\Personal Drive\\Projects\\.idea\\vendor\\laravel\\framework\\src\\Illuminate\\Database\\Connection.php(1207): Illuminate\\Database\\Connection->getPdo()
#7 C:\\Users\\hp\\Desktop\\Personal Drive\\Projects\\.idea\\vendor\\laravel\\framework\\src\\Illuminate\\Database\\Connection.php(486): Illuminate\\Database\\Connection->getReadPdo()
#8 C:\\Users\\hp\\Desktop\\Personal Drive\\Projects\\.idea\\vendor\\laravel\\framework\\src\\Illuminate\\Database\\Connection.php(414): Illuminate\\Database\\Connection->getPdoForSelect(true)
#9 C:\\Users\\hp\\Desktop\\Personal Drive\\Projects\\.idea\\vendor\\laravel\\framework\\src\\Illuminate\\Database\\Connection.php(753): Illuminate\\Database\\Connection->Illuminate\\Database\\{closure}('select * from `...', Array)
#10 C:\\Users\\hp\\Desktop\\Personal Drive\\Projects\\.idea\\vendor\\laravel\\framework\\src\\Illuminate\\Database\\Connection.php(720): Illuminate\\Database\\Connection->runQueryCallback('select * from `...', Array, Object(Closure))
#11 C:\\Users\\hp\\Desktop\\Personal Drive\\Projects\\.idea\\vendor\\laravel\\framework\\src\\Illuminate\\Database\\Connection.php(405): Illuminate\\Database\\Connection->run('select * from `...', Array, Object(Closure))
#12 C:\\Users\\hp\\Desktop\\Personal Drive\\Projects\\.idea\\vendor\\laravel\\framework\\src\\Illuminate\\Database\\Query\\Builder.php(2649): Illuminate\\Database\\Connection->select('select * from `...', Array, true)
#13 C:\\Users\\hp\\Desktop\\Personal Drive\\Projects\\.idea\\vendor\\laravel\\framework\\src\\Illuminate\\Database\\Query\\Builder.php(2638): Illuminate\\Database\\Query\\Builder->runSelect()
#14 C:\\Users\\hp\\Desktop\\Personal Drive\\Projects\\.idea\\vendor\\laravel\\framework\\src\\Illuminate\\Database\\Query\\Builder.php(3174): Illuminate\\Database\\Query\\Builder->Illuminate\\Database\\Query\\{closure}()
#15 C:\\Users\\hp\\Desktop\\Personal Drive\\Projects\\.idea\\vendor\\laravel\\framework\\src\\Illuminate\\Database\\Query\\Builder.php(2637): Illuminate\\Database\\Query\\Builder->onceWithColumns(Array, Object(Closure))
#16 C:\\Users\\hp\\Desktop\\Personal Drive\\Projects\\.idea\\app\\Models\\Utility.php(27): Illuminate\\Database\\Query\\Builder->get()
#17 C:\\Users\\hp\\Desktop\\Personal Drive\\Projects\\.idea\\app\\Http\\Controllers\\DashboardController.php(134): App\\Models\\Utility::settings()
#18 C:\\Users\\hp\\Desktop\\Personal Drive\\Projects\\.idea\\vendor\\laravel\\framework\\src\\Illuminate\\Routing\\Controller.php(54): App\\Http\\Controllers\\DashboardController->index()
#19 C:\\Users\\hp\\Desktop\\Personal Drive\\Projects\\.idea\\vendor\\laravel\\framework\\src\\Illuminate\\Routing\\ControllerDispatcher.php(43): Illuminate\\Routing\\Controller->callAction('index', Array)
#20 C:\\Users\\hp\\Desktop\\Personal Drive\\Projects\\.idea\\vendor\\laravel\\framework\\src\\Illuminate\\Routing\\Route.php(259): Illuminate\\Routing\\ControllerDispatcher->dispatch(Object(Illuminate\\Routing\\Route), Object(App\\Http\\Controllers\\DashboardController), 'index')
#21 C:\\Users\\hp\\Desktop\\Personal Drive\\Projects\\.idea\\vendor\\laravel\\framework\\src\\Illuminate\\Routing\\Route.php(205): Illuminate\\Routing\\Route->runController()
#22 C:\\Users\\hp\\Desktop\\Personal Drive\\Projects\\.idea\\vendor\\laravel\\framework\\src\\Illuminate\\Routing\\Router.php(727): Illuminate\\Routing\\Route->run()
#23 C:\\Users\\hp\\Desktop\\Personal Drive\\Projects\\.idea\\vendor\\laravel\\framework\\src\\Illuminate\\Pipeline\\Pipeline.php(141): Illuminate\\Routing\\Router->Illuminate\\Routing\\{closure}(Object(Illuminate\\Http\\Request))
#24 C:\\Users\\hp\\Desktop\\Personal Drive\\Projects\\.idea\\app\\Http\\Middleware\\RevalidateBackHistory.php(18): Illuminate\\Pipeline\\Pipeline->Illuminate\\Pipeline\\{closure}(Object(Illuminate\\Http\\Request))
#25 C:\\Users\\hp\\Desktop\\Personal Drive\\Projects\\.idea\\vendor\\laravel\\framework\\src\\Illuminate\\Pipeline\\Pipeline.php(180): App\\Http\\Middleware\\RevalidateBackHistory->handle(Object(Illuminate\\Http\\Request), Object(Closure))
#26 C:\\Users\\hp\\Desktop\\Personal Drive\\Projects\\.idea\\app\\Http\\Middleware\\XSS.php(50): Illuminate\\Pipeline\\Pipeline->Illuminate\\Pipeline\\{closure}(Object(Illuminate\\Http\\Request))
#27 C:\\Users\\hp\\Desktop\\Personal Drive\\Projects\\.idea\\vendor\\laravel\\framework\\src\\Illuminate\\Pipeline\\Pipeline.php(180): App\\Http\\Middleware\\XSS->handle(Object(Illuminate\\Http\\Request), Object(Closure))
#28 C:\\Users\\hp\\Desktop\\Personal Drive\\Projects\\.idea\\vendor\\laravel\\framework\\src\\Illuminate\\Routing\\Middleware\\SubstituteBindings.php(50): Illuminate\\Pipeline\\Pipeline->Illuminate\\Pipeline\\{closure}(Object(Illuminate\\Http\\Request))
#29 C:\\Users\\hp\\Desktop\\Personal Drive\\Projects\\.idea\\vendor\\laravel\\framework\\src\\Illuminate\\Pipeline\\Pipeline.php(180): Illuminate\\Routing\\Middleware\\SubstituteBindings->handle(Object(Illuminate\\Http\\Request), Object(Closure))
#30 C:\\Users\\hp\\Desktop\\Personal Drive\\Projects\\.idea\\vendor\\laravel\\framework\\src\\Illuminate\\Foundation\\Http\\Middleware\\VerifyCsrfToken.php(78): Illuminate\\Pipeline\\Pipeline->Illuminate\\Pipeline\\{closure}(Object(Illuminate\\Http\\Request))
#31 C:\\Users\\hp\\Desktop\\Personal Drive\\Projects\\.idea\\vendor\\laravel\\framework\\src\\Illuminate\\Pipeline\\Pipeline.php(180): Illuminate\\Foundation\\Http\\Middleware\\VerifyCsrfToken->handle(Object(Illuminate\\Http\\Request), Object(Closure))
#32 C:\\Users\\hp\\Desktop\\Personal Drive\\Projects\\.idea\\vendor\\laravel\\framework\\src\\Illuminate\\View\\Middleware\\ShareErrorsFromSession.php(49): Illuminate\\Pipeline\\Pipeline->Illuminate\\Pipeline\\{closure}(Object(Illuminate\\Http\\Request))
#33 C:\\Users\\hp\\Desktop\\Personal Drive\\Projects\\.idea\\vendor\\laravel\\framework\\src\\Illuminate\\Pipeline\\Pipeline.php(180): Illuminate\\View\\Middleware\\ShareErrorsFromSession->handle(Object(Illuminate\\Http\\Request), Object(Closure))
#34 C:\\Users\\hp\\Desktop\\Personal Drive\\Projects\\.idea\\vendor\\laravel\\framework\\src\\Illuminate\\Session\\Middleware\\StartSession.php(121): Illuminate\\Pipeline\\Pipeline->Illuminate\\Pipeline\\{closure}(Object(Illuminate\\Http\\Request))
#35 C:\\Users\\hp\\Desktop\\Personal Drive\\Projects\\.idea\\vendor\\laravel\\framework\\src\\Illuminate\\Session\\Middleware\\StartSession.php(64): Illuminate\\Session\\Middleware\\StartSession->handleStatefulRequest(Object(Illuminate\\Http\\Request), Object(Illuminate\\Session\\Store), Object(Closure))
#36 C:\\Users\\hp\\Desktop\\Personal Drive\\Projects\\.idea\\vendor\\laravel\\framework\\src\\Illuminate\\Pipeline\\Pipeline.php(180): Illuminate\\Session\\Middleware\\StartSession->handle(Object(Illuminate\\Http\\Request), Object(Closure))
#37 C:\\Users\\hp\\Desktop\\Personal Drive\\Projects\\.idea\\vendor\\laravel\\framework\\src\\Illuminate\\Cookie\\Middleware\\AddQueuedCookiesToResponse.php(37): Illuminate\\Pipeline\\Pipeline->Illuminate\\Pipeline\\{closure}(Object(Illuminate\\Http\\Request))
#38 C:\\Users\\hp\\Desktop\\Personal Drive\\Projects\\.idea\\vendor\\laravel\\framework\\src\\Illuminate\\Pipeline\\Pipeline.php(180): Illuminate\\Cookie\\Middleware\\AddQueuedCookiesToResponse->handle(Object(Illuminate\\Http\\Request), Object(Closure))
#39 C:\\Users\\hp\\Desktop\\Personal Drive\\Projects\\.idea\\vendor\\laravel\\framework\\src\\Illuminate\\Cookie\\Middleware\\EncryptCookies.php(67): Illuminate\\Pipeline\\Pipeline->Illuminate\\Pipeline\\{closure}(Object(Illuminate\\Http\\Request))
#40 C:\\Users\\hp\\Desktop\\Personal Drive\\Projects\\.idea\\vendor\\laravel\\framework\\src\\Illuminate\\Pipeline\\Pipeline.php(180): Illuminate\\Cookie\\Middleware\\EncryptCookies->handle(Object(Illuminate\\Http\\Request), Object(Closure))
#41 C:\\Users\\hp\\Desktop\\Personal Drive\\Projects\\.idea\\vendor\\laravel\\framework\\src\\Illuminate\\Pipeline\\Pipeline.php(116): Illuminate\\Pipeline\\Pipeline->Illuminate\\Pipeline\\{closure}(Object(Illuminate\\Http\\Request))
#42 C:\\Users\\hp\\Desktop\\Personal Drive\\Projects\\.idea\\vendor\\laravel\\framework\\src\\Illuminate\\Routing\\Router.php(726): Illuminate\\Pipeline\\Pipeline->then(Object(Closure))
#43 C:\\Users\\hp\\Desktop\\Personal Drive\\Projects\\.idea\\vendor\\laravel\\framework\\src\\Illuminate\\Routing\\Router.php(705): Illuminate\\Routing\\Router->runRouteWithinStack(Object(Illuminate\\Routing\\Route), Object(Illuminate\\Http\\Request))
#44 C:\\Users\\hp\\Desktop\\Personal Drive\\Projects\\.idea\\vendor\\laravel\\framework\\src\\Illuminate\\Routing\\Router.php(669): Illuminate\\Routing\\Router->runRoute(Object(Illuminate\\Http\\Request), Object(Illuminate\\Routing\\Route))
#45 C:\\Users\\hp\\Desktop\\Personal Drive\\Projects\\.idea\\vendor\\laravel\\framework\\src\\Illuminate\\Routing\\Router.php(658): Illuminate\\Routing\\Router->dispatchToRoute(Object(Illuminate\\Http\\Request))
#46 C:\\Users\\hp\\Desktop\\Personal Drive\\Projects\\.idea\\vendor\\laravel\\framework\\src\\Illuminate\\Foundation\\Http\\Kernel.php(190): Illuminate\\Routing\\Router->dispatch(Object(Illuminate\\Http\\Request))
#47 C:\\Users\\hp\\Desktop\\Personal Drive\\Projects\\.idea\\vendor\\laravel\\framework\\src\\Illuminate\\Pipeline\\Pipeline.php(141): Illuminate\\Foundation\\Http\\Kernel->Illuminate\\Foundation\\Http\\{closure}(Object(Illuminate\\Http\\Request))
#48 C:\\Users\\hp\\Desktop\\Personal Drive\\Projects\\.idea\\vendor\\laravel\\framework\\src\\Illuminate\\Foundation\\Http\\Middleware\\TransformsRequest.php(21): Illuminate\\Pipeline\\Pipeline->Illuminate\\Pipeline\\{closure}(Object(Illuminate\\Http\\Request))
#49 C:\\Users\\hp\\Desktop\\Personal Drive\\Projects\\.idea\\vendor\\laravel\\framework\\src\\Illuminate\\Foundation\\Http\\Middleware\\ConvertEmptyStringsToNull.php(31): Illuminate\\Foundation\\Http\\Middleware\\TransformsRequest->handle(Object(Illuminate\\Http\\Request), Object(Closure))
#50 C:\\Users\\hp\\Desktop\\Personal Drive\\Projects\\.idea\\vendor\\laravel\\framework\\src\\Illuminate\\Pipeline\\Pipeline.php(180): Illuminate\\Foundation\\Http\\Middleware\\ConvertEmptyStringsToNull->handle(Object(Illuminate\\Http\\Request), Object(Closure))
#51 C:\\Users\\hp\\Desktop\\Personal Drive\\Projects\\.idea\\vendor\\laravel\\framework\\src\\Illuminate\\Foundation\\Http\\Middleware\\TransformsRequest.php(21): Illuminate\\Pipeline\\Pipeline->Illuminate\\Pipeline\\{closure}(Object(Illuminate\\Http\\Request))
#52 C:\\Users\\hp\\Desktop\\Personal Drive\\Projects\\.idea\\vendor\\laravel\\framework\\src\\Illuminate\\Foundation\\Http\\Middleware\\TrimStrings.php(40): Illuminate\\Foundation\\Http\\Middleware\\TransformsRequest->handle(Object(Illuminate\\Http\\Request), Object(Closure))
#53 C:\\Users\\hp\\Desktop\\Personal Drive\\Projects\\.idea\\vendor\\laravel\\framework\\src\\Illuminate\\Pipeline\\Pipeline.php(180): Illuminate\\Foundation\\Http\\Middleware\\TrimStrings->handle(Object(Illuminate\\Http\\Request), Object(Closure))
#54 C:\\Users\\hp\\Desktop\\Personal Drive\\Projects\\.idea\\vendor\\laravel\\framework\\src\\Illuminate\\Foundation\\Http\\Middleware\\ValidatePostSize.php(27): Illuminate\\Pipeline\\Pipeline->Illuminate\\Pipeline\\{closure}(Object(Illuminate\\Http\\Request))
#55 C:\\Users\\hp\\Desktop\\Personal Drive\\Projects\\.idea\\vendor\\laravel\\framework\\src\\Illuminate\\Pipeline\\Pipeline.php(180): Illuminate\\Foundation\\Http\\Middleware\\ValidatePostSize->handle(Object(Illuminate\\Http\\Request), Object(Closure))
#56 C:\\Users\\hp\\Desktop\\Personal Drive\\Projects\\.idea\\vendor\\laravel\\framework\\src\\Illuminate\\Foundation\\Http\\Middleware\\PreventRequestsDuringMaintenance.php(86): Illuminate\\Pipeline\\Pipeline->Illuminate\\Pipeline\\{closure}(Object(Illuminate\\Http\\Request))
#57 C:\\Users\\hp\\Desktop\\Personal Drive\\Projects\\.idea\\vendor\\laravel\\framework\\src\\Illuminate\\Pipeline\\Pipeline.php(180): Illuminate\\Foundation\\Http\\Middleware\\PreventRequestsDuringMaintenance->handle(Object(Illuminate\\Http\\Request), Object(Closure))
#58 C:\\Users\\hp\\Desktop\\Personal Drive\\Projects\\.idea\\vendor\\laravel\\framework\\src\\Illuminate\\Http\\Middleware\\HandleCors.php(49): Illuminate\\Pipeline\\Pipeline->Illuminate\\Pipeline\\{closure}(Object(Illuminate\\Http\\Request))
#59 C:\\Users\\hp\\Desktop\\Personal Drive\\Projects\\.idea\\vendor\\laravel\\framework\\src\\Illuminate\\Pipeline\\Pipeline.php(180): Illuminate\\Http\\Middleware\\HandleCors->handle(Object(Illuminate\\Http\\Request), Object(Closure))
#60 C:\\Users\\hp\\Desktop\\Personal Drive\\Projects\\.idea\\vendor\\laravel\\framework\\src\\Illuminate\\Http\\Middleware\\TrustProxies.php(39): Illuminate\\Pipeline\\Pipeline->Illuminate\\Pipeline\\{closure}(Object(Illuminate\\Http\\Request))
#61 C:\\Users\\hp\\Desktop\\Personal Drive\\Projects\\.idea\\vendor\\laravel\\framework\\src\\Illuminate\\Pipeline\\Pipeline.php(180): Illuminate\\Http\\Middleware\\TrustProxies->handle(Object(Illuminate\\Http\\Request), Object(Closure))
#62 C:\\Users\\hp\\Desktop\\Personal Drive\\Projects\\.idea\\vendor\\laravel\\framework\\src\\Illuminate\\Pipeline\\Pipeline.php(116): Illuminate\\Pipeline\\Pipeline->Illuminate\\Pipeline\\{closure}(Object(Illuminate\\Http\\Request))
#63 C:\\Users\\hp\\Desktop\\Personal Drive\\Projects\\.idea\\vendor\\laravel\\framework\\src\\Illuminate\\Foundation\\Http\\Kernel.php(165): Illuminate\\Pipeline\\Pipeline->then(Object(Closure))
#64 C:\\Users\\hp\\Desktop\\Personal Drive\\Projects\\.idea\\vendor\\laravel\\framework\\src\\Illuminate\\Foundation\\Http\\Kernel.php(134): Illuminate\\Foundation\\Http\\Kernel->sendRequestThroughRouter(Object(Illuminate\\Http\\Request))
#65 C:\\Users\\hp\\Desktop\\Personal Drive\\Projects\\.idea\\public\\index.php(51): Illuminate\\Foundation\\Http\\Kernel->handle(Object(Illuminate\\Http\\Request))
#66 C:\\Users\\hp\\Desktop\\Personal Drive\\Projects\\.idea\\vendor\\laravel\\framework\\src\\Illuminate\\Foundation\\resources\\server.php(16): require_once('C:\\\\Users\\\\hp\\\\Des...')
#67 {main}
"} 
